<?xml version="1.0" encoding="UTF-8"?>
<testng-results ignored="0" total="1" passed="1" failed="0" skipped="0">
  <reporter-output>
  </reporter-output>
  <suite started-at="2022-07-18T09:17:42 IST" name="Default suite" finished-at="2022-07-18T09:17:47 IST" duration-ms="5379">
    <groups>
    </groups>
    <test started-at="2022-07-18T09:17:42 IST" name="Default test" finished-at="2022-07-18T09:17:47 IST" duration-ms="5379">
      <class name="com.TestNG.Annotation_program">
        <test-method is-config="true" signature="launchBrowser()[pri:0, instance:com.TestNG.Annotation_program@76c3e77a]" started-at="2022-07-18T09:17:42 IST" name="launchBrowser" finished-at="2022-07-18T09:17:46 IST" duration-ms="4818" status="PASS">
          <reporter-output>
          </reporter-output>
        </test-method> <!-- launchBrowser -->
        <test-method is-config="true" signature="verifyHomepageTitle()[pri:0, instance:com.TestNG.Annotation_program@76c3e77a]" started-at="2022-07-18T09:17:46 IST" name="verifyHomepageTitle" finished-at="2022-07-18T09:17:46 IST" duration-ms="7" status="PASS">
          <reporter-output>
          </reporter-output>
        </test-method> <!-- verifyHomepageTitle -->
        <test-method signature="Mobiles()[pri:0, instance:com.TestNG.Annotation_program@76c3e77a]" started-at="2022-07-18T09:17:46 IST" name="Mobiles" finished-at="2022-07-18T09:17:46 IST" duration-ms="63" status="PASS">
          <reporter-output>
          </reporter-output>
        </test-method> <!-- Mobiles -->
        <test-method is-config="true" signature="goBackToHomepage()[pri:0, instance:com.TestNG.Annotation_program@76c3e77a]" started-at="2022-07-18T09:17:46 IST" name="goBackToHomepage" finished-at="2022-07-18T09:17:47 IST" duration-ms="105" status="PASS">
          <reporter-output>
          </reporter-output>
        </test-method> <!-- goBackToHomepage -->
        <test-method is-config="true" signature="terminateBrowser()[pri:0, instance:com.TestNG.Annotation_program@76c3e77a]" started-at="2022-07-18T09:17:47 IST" name="terminateBrowser" finished-at="2022-07-18T09:17:47 IST" duration-ms="343" status="PASS">
          <reporter-output>
          </reporter-output>
        </test-method> <!-- terminateBrowser -->
      </class> <!-- com.TestNG.Annotation_program -->
    </test> <!-- Default test -->
  </suite> <!-- Default suite -->
</testng-results>
